#
# There is insufficient memory for the Java Runtime Environment to continue.
# Native memory allocation (mmap) failed to map 134217728 bytes for Failed to commit area from 0x0000000081e00000 to 0x0000000089e00000 of length 134217728.
# Possible reasons:
#   The system is out of physical RAM or swap space
#   The process is running with CompressedOops enabled, and the Java Heap may be blocking the growth of the native heap
# Possible solutions:
#   Reduce memory load on the system
#   Increase physical memory or swap space
#   Check if swap backing store is full
#   Decrease Java heap size (-Xmx/-Xms)
#   Decrease number of Java threads
#   Decrease Java thread stack sizes (-Xss)
#   Set larger code cache with -XX:ReservedCodeCacheSize=
# This output file may be truncated or incomplete.
#
#  Out of Memory Error (t:/workspace/open/src/hotspot/os/windows/os_windows.cpp:3301), pid=23920, tid=23532
#
# JRE version:  (13.0.2+8) (build )
# Java VM: Java HotSpot(TM) 64-Bit Server VM (13.0.2+8, mixed mode, aot, sharing, tiered, compressed oops, g1 gc, windows-amd64)
# No core dump will be written. Minidumps are not enabled by default on client versions of Windows
#

---------------  S U M M A R Y ------------

Command Line: -javaagent:C:\_programs\IntelliJ IDEA 2019.3.3\lib\idea_rt.jar=59617:C:\_programs\IntelliJ IDEA 2019.3.3\bin -Dfile.encoding=UTF-8 by.ignot.lab4a.Main

Host: Intel(R) Core(TM) i5-8300H CPU @ 2.30GHz, 8 cores, 7G,  Windows 10 , 64 bit Build 18362 (10.0.18362.86)
Time: Sat May 16 17:25:00 2020 RTZ 2 (ceia) elapsed time: 0 seconds (0d 0h 0m 0s)

---------------  T H R E A D  ---------------

Current thread (0x000001fc3037e000):  JavaThread "Unknown thread" [_thread_in_vm, id=23532, stack(0x000000524d300000,0x000000524d400000)]

Stack: [0x000000524d300000,0x000000524d400000]
Native frames: (J=compiled Java code, j=interpreted, Vv=VM code, C=native code)
V  [jvm.dll+0x624f9a]
V  [jvm.dll+0x770cfa]
V  [jvm.dll+0x7724af]
V  [jvm.dll+0x772ab3]
V  [jvm.dll+0x24bf08]
V  [jvm.dll+0x6222aa]
V  [jvm.dll+0x6170b5]
V  [jvm.dll+0x30a88c]
V  [jvm.dll+0x30a6c2]
V  [jvm.dll+0x30fe36]
V  [jvm.dll+0x353f46]
V  [jvm.dll+0x353720]
V  [jvm.dll+0x2e550a]
V  [jvm.dll+0x2e67a2]
V  [jvm.dll+0x74dd78]
V  [jvm.dll+0x361989]
V  [jvm.dll+0x730e65]
V  [jvm.dll+0x3cc53f]
V  [jvm.dll+0x3ce861]
C  [jli.dll+0x51ff]
C  [ucrtbase.dll+0x1d912]
C  [KERNEL32.DLL+0x17bd4]
C  [ntdll.dll+0x6ce71]


---------------  P R O C E S S  ---------------

Threads class SMR info:
_java_thread_list=0x00007ffff808ccb8, length=0, elements={
}

Java Threads: ( => current thread )

Other Threads:
  0x000001fc303c2000 GCTaskThread "GC Thread#0" [stack: 0x000000524d400000,0x000000524d500000] [id=27904]
  0x000001fc303d3800 ConcurrentGCThread "G1 Main Marker" [stack: 0x000000524d500000,0x000000524d600000] [id=13768]
  0x000001fc303d5800 ConcurrentGCThread "G1 Conc#0" [stack: 0x000000524d600000,0x000000524d700000] [id=8492]

[error occurred during error reporting (printing all threads), id 0xc0000005, EXCEPTION_ACCESS_VIOLATION (0xc0000005) at pc=0x00007ffff78c51d7]

VM state:not at safepoint (not fully initialized)

VM Mutex/Monitor currently owned by a thread:  ([mutex/lock_event])
[0x000001fc3037acc0] Heap_lock - owner thread: 0x000001fc3037e000

Heap address: 0x0000000081e00000, size: 2018 MB, Compressed Oops mode: Non-zero based: 0x0000000081e00000
Narrow klass base: 0x0000000000000000, Narrow klass shift: 0

GC Heap History (0 events):
No events

Deoptimization events (0 events):
No events

Classes unloaded (0 events):
No events

Classes redefined (0 events):
No events

Internal exceptions (0 events):
No events

Events (8 events):
Event: 0.007 Loaded shared library C:\Program Files\Java\jdk-13.0.2\bin\zip.dll
Event: 0.007 Loaded shared library C:\Program Files\Java\jdk-13.0.2\bin\jimage.dll
Event: 0.008 Loading shared library C:\Program Files\Java\jdk-13.0.2\lib\libjava.base-coop.dll failed, error code 126
Event: 0.008 Loading shared library C:\Program Files\Java\jdk-13.0.2\lib\libjava.logging-coop.dll failed, error code 126
Event: 0.009 Loading shared library C:\Program Files\Java\jdk-13.0.2\lib\libjdk.compiler-coop.dll failed, error code 126
Event: 0.009 Loading shared library C:\Program Files\Java\jdk-13.0.2\lib\libjdk.scripting.nashorn-coop.dll failed, error code 126
Event: 0.009 Loading shared library C:\Program Files\Java\jdk-13.0.2\lib\libjdk.internal.vm.ci-coop.dll failed, error code 126
Event: 0.009 Loading shared library C:\Program Files\Java\jdk-13.0.2\lib\libjdk.internal.vm.compiler-coop.dll failed, error code 126


Dynamic libraries:
0x00007ff6b8750000 - 0x00007ff6b875f000 	C:\Program Files\Java\jdk-13.0.2\bin\java.exe
0x00007ff86be60000 - 0x00007ff86c050000 	C:\Windows\SYSTEM32\ntdll.dll
0x00007ff86bb90000 - 0x00007ff86bc42000 	C:\Windows\System32\KERNEL32.DLL
0x00007ff868e00000 - 0x00007ff8690a3000 	C:\Windows\System32\KERNELBASE.dll
0x00007ff869e20000 - 0x00007ff869f1a000 	C:\Windows\System32\ucrtbase.dll
0x00007ff858e60000 - 0x00007ff858e75000 	C:\Program Files\Java\jdk-13.0.2\bin\VCRUNTIME140.dll
0x00007ff84f860000 - 0x00007ff84f878000 	C:\Program Files\Java\jdk-13.0.2\bin\jli.dll
0x00007ff86bc50000 - 0x00007ff86bcf3000 	C:\Windows\System32\ADVAPI32.dll
0x00007ff86ae40000 - 0x00007ff86aede000 	C:\Windows\System32\msvcrt.dll
0x00007ff86aab0000 - 0x00007ff86ab47000 	C:\Windows\System32\sechost.dll
0x00007ff86bd00000 - 0x00007ff86be20000 	C:\Windows\System32\RPCRT4.dll
0x00007ff86a870000 - 0x00007ff86aa03000 	C:\Windows\System32\USER32.dll
0x00007ff859f30000 - 0x00007ff85a1b5000 	C:\Windows\WinSxS\amd64_microsoft.windows.common-controls_6595b64144ccf1df_6.0.18362.239_none_e6c7aebd130c7608\COMCTL32.dll
0x00007ff86af40000 - 0x00007ff86b276000 	C:\Windows\System32\combase.dll
0x00007ff869a50000 - 0x00007ff869a71000 	C:\Windows\System32\win32u.dll
0x00007ff86a770000 - 0x00007ff86a796000 	C:\Windows\System32\GDI32.dll
0x00007ff8690e0000 - 0x00007ff869160000 	C:\Windows\System32\bcryptPrimitives.dll
0x00007ff869b30000 - 0x00007ff869cc4000 	C:\Windows\System32\gdi32full.dll
0x00007ff8691e0000 - 0x00007ff86927e000 	C:\Windows\System32\msvcp_win.dll
0x00007ff862220000 - 0x00007ff86222a000 	C:\Windows\SYSTEM32\VERSION.dll
0x00007ff86ac20000 - 0x00007ff86ac4e000 	C:\Windows\System32\IMM32.DLL
0x00007ff8211b0000 - 0x00007ff82124b000 	C:\Program Files\Java\jdk-13.0.2\bin\msvcp140.dll
0x00007ffff75d0000 - 0x00007ffff812d000 	C:\Program Files\Java\jdk-13.0.2\bin\server\jvm.dll
0x00007ff86a0e0000 - 0x00007ff86a0e8000 	C:\Windows\System32\PSAPI.DLL
0x00007ff866990000 - 0x00007ff8669b4000 	C:\Windows\SYSTEM32\WINMM.dll
0x00007ff839ef0000 - 0x00007ff839ef9000 	C:\Windows\SYSTEM32\WSOCK32.dll
0x00007ff86aa20000 - 0x00007ff86aa8f000 	C:\Windows\System32\WS2_32.dll
0x00007ff8665f0000 - 0x00007ff86661d000 	C:\Windows\SYSTEM32\winmmbase.dll
0x00007ff869280000 - 0x00007ff8692ca000 	C:\Windows\System32\cfgmgr32.dll
0x00007ff868d50000 - 0x00007ff868d61000 	C:\Windows\System32\kernel.appcore.dll
0x00007ff862f10000 - 0x00007ff862f20000 	C:\Program Files\Java\jdk-13.0.2\bin\verify.dll
0x00007ff8676c0000 - 0x00007ff8678b4000 	C:\Windows\SYSTEM32\DBGHELP.DLL
0x00007ff837bb0000 - 0x00007ff837bda000 	C:\Windows\SYSTEM32\dbgcore.DLL
0x00007ff824920000 - 0x00007ff824946000 	C:\Program Files\Java\jdk-13.0.2\bin\java.dll
0x00007ff860530000 - 0x00007ff86053e000 	C:\Program Files\Java\jdk-13.0.2\bin\instrument.dll
0x00007ff824900000 - 0x00007ff824917000 	C:\Program Files\Java\jdk-13.0.2\bin\zip.dll
0x00007ff862330000 - 0x00007ff86233a000 	C:\Program Files\Java\jdk-13.0.2\bin\jimage.dll

dbghelp: loaded successfully - version: 4.0.5 - missing functions: none
symbol engine: initialized successfully - sym options: 0x614 - pdb path: .;C:\Program Files\Java\jdk-13.0.2\bin;C:\Windows\SYSTEM32;C:\Windows\WinSxS\amd64_microsoft.windows.common-controls_6595b64144ccf1df_6.0.18362.239_none_e6c7aebd130c7608;C:\Program Files\Java\jdk-13.0.2\bin\server

VM Arguments:
jvm_args: -javaagent:C:\_programs\IntelliJ IDEA 2019.3.3\lib\idea_rt.jar=59617:C:\_programs\IntelliJ IDEA 2019.3.3\bin -Dfile.encoding=UTF-8 
java_command: by.ignot.lab4a.Main
java_class_path (initial): .
Launcher Type: SUN_STANDARD

[Global flags]
     intx CICompilerCount                          = 4                                         {product} {ergonomic}
     uint ConcGCThreads                            = 2                                         {product} {ergonomic}
     uint G1ConcRefinementThreads                  = 8                                         {product} {ergonomic}
   size_t G1HeapRegionSize                         = 1048576                                   {product} {ergonomic}
    uintx GCDrainStackTargetSize                   = 64                                        {product} {ergonomic}
   size_t InitialHeapSize                          = 134217728                                 {product} {ergonomic}
   size_t MarkStackSize                            = 4194304                                   {product} {ergonomic}
   size_t MaxHeapSize                              = 2116026368                                {product} {ergonomic}
   size_t MinHeapDeltaBytes                        = 1048576                                   {product} {ergonomic}
   size_t MinHeapSize                              = 8388608                                   {product} {ergonomic}
    uintx NonNMethodCodeHeapSize                   = 5839372                                {pd product} {ergonomic}
    uintx NonProfiledCodeHeapSize                  = 122909434                              {pd product} {ergonomic}
    uintx ProfiledCodeHeapSize                     = 122909434                              {pd product} {ergonomic}
    uintx ReservedCodeCacheSize                    = 251658240                              {pd product} {ergonomic}
     bool SegmentedCodeCache                       = true                                      {product} {ergonomic}
   size_t SoftMaxHeapSize                          = 2116026368                             {manageable} {ergonomic}
     bool UseCompressedClassPointers               = true                                 {lp64_product} {ergonomic}
     bool UseCompressedOops                        = true                                 {lp64_product} {ergonomic}
     bool UseG1GC                                  = true                                      {product} {ergonomic}
     bool UseLargePagesIndividualAllocation        = false                                  {pd product} {ergonomic}

Logging:
Log output configuration:
 #0: stdout all=warning uptime,level,tags
 #1: stderr all=off uptime,level,tags

Environment Variables:
JAVA_HOME=C:\Program Files\Java\jdk-13.0.2\bin
PATH=C:\Program Files (x86)\Common Files\Oracle\Java\javapath;C:\_programs\WINDOWS.X64_193000_db_home\bin;C:\Windows\system32;C:\Windows;C:\Windows\System32\Wbem;C:\Windows\System32\WindowsPowerShell\v1.0\;C:\Windows\System32\OpenSSH\;C:\Program Files\7-Zip;C:\_programs\node\;C:\_programs\Git\cmd;C:\Program Files\Microsoft SQL Server\Client SDK\ODBC\130\Tools\Binn\;C:\Program Files (x86)\Microsoft SQL Server\130\Tools\Binn\;C:\Program Files\Microsoft SQL Server\130\Tools\Binn\;C:\Program Files\Microsoft SQL Server\130\DTS\Binn\;C:\Program Files (x86)\Microsoft SQL Server\140\Tools\Binn\;C:\Program Files\Microsoft SQL Server\140\Tools\Binn\;C:\Program Files\Microsoft SQL Server\140\DTS\Binn\;C:\Program Files\Wolfram Research\WolframScript\;C:\Users\Lenovo\AppData\Roaming\npm;C:\Users\Lenovo\AppData\Local\GitHubDesktop\bin;C:\Users\Lenovo\AppData\Local\Programs\Python\Python37\Scripts;C:\_programs\IntelliJ IDEA 2019.3.3\bin;;C:\Program Files\Java\jdk-13.0.2\bin;
USERNAME=Lenovo
OS=Windows_NT
PROCESSOR_IDENTIFIER=Intel64 Family 6 Model 158 Stepping 10, GenuineIntel



---------------  S Y S T E M  ---------------

OS: Windows 10 , 64 bit Build 18362 (10.0.18362.86)

CPU:total 8 (initial active 8) (4 cores per cpu, 2 threads per core) family 6 model 158 stepping 10, cmov, cx8, fxsr, mmx, sse, sse2, sse3, ssse3, sse4.1, sse4.2, popcnt, avx, avx2, aes, clmul, erms, 3dnowpref, lzcnt, ht, tsc, tscinvbit, bmi1, bmi2, adx, fma

Memory: 4k page, system-wide physical 8066M (1107M free)
TotalPageFile size 17168M (AvailPageFile size 78M)
current process WorkingSet (physical memory assigned to process): 10M, peak: 10M
current process commit charge ("private bytes"): 60M, peak: 188M

vm_info: Java HotSpot(TM) 64-Bit Server VM (13.0.2+8) for windows-amd64 JRE (13.0.2+8), built on Dec 11 2019 09:20:33 by "mach5one" with unknown MS VC++:1916

END.
